-------------------------------
Beginning Export of all Source
ubeUtility V2-0.mdb
VCS Version 1.2.0.19
3/31/2020 10:30:53 AM
-------------------------------
Exporting queries...    
[0]
-------------------------------
Exporting forms...      
  ubeUpdating
    Sanitized in 0.02 seconds.
  ubeForm
    Sanitized in 0.05 seconds.
[2]
-------------------------------
Exporting reports...    
[0]
-------------------------------
Exporting macros...     
  AutoKeys
    Sanitized in 0.01 seconds.
[1]
-------------------------------
Exporting modules...    
  ubeUpdateCode
  modVersionControl
[2]
-------------------------------
Exporting references... 
  VBA 4.2
  Access 9.0
  DAO 12.0
  [MSAccessVCS]
[4]
-------------------------------
Exporting properties... 
[20]
-------------------------------
Exporting specs...      
[0]
-------------------------------
Exporting tbldef...     
  ubeUpdate (with SQL)
  ubeUpdate
[1]
-------------------------------
Exporting relations...  
[0]
-------------------------------
Done. (0.74 seconds)
